<?xml version="1.0" encoding="UTF-8"?>
<!-- Generated by org.testng.reporters.JUnitXMLReporter -->
<testsuite ignored="1" hostname="SAGITEC-NUNIT" failures="0" tests="1" name="Default test" time="34.994" errors="0" timestamp="2023-03-02T17:02:05 IST">
  <testcase classname="com.xais.testcases.ClientRegistrationWorkflowTest" name="captureClientInformation" time="27.477"/>
  <testcase classname="com.xais.testcases.ClientRegistrationWorkflowTest" name="clientRegistrationInitiation" time="0.0">
    <ignored/>
  </testcase> <!-- clientRegistrationInitiation -->
</testsuite> <!-- Default test -->
