<?xml version="1.0" encoding="UTF-8"?>
<testng-results ignored="1" total="2" passed="1" failed="0" skipped="0">
  <reporter-output>
  </reporter-output>
  <suite started-at="2023-03-02T17:01:29 IST" name="Default suite" finished-at="2023-03-02T17:02:04 IST" duration-ms="34994">
    <groups>
    </groups>
    <test started-at="2023-03-02T17:01:29 IST" name="Default test" finished-at="2023-03-02T17:02:04 IST" duration-ms="34994">
      <class name="com.xais.testcases.ClientRegistrationWorkflowTest">
        <test-method is-config="true" signature="beforeSuite()[pri:0, instance:com.xais.testcases.ClientRegistrationWorkflowTest@31fa1761]" started-at="2023-03-02T17:01:29 IST" name="beforeSuite" finished-at="2023-03-02T17:01:29 IST" duration-ms="558" status="PASS">
          <reporter-output>
          </reporter-output>
        </test-method> <!-- beforeSuite -->
        <test-method is-config="true" signature="setup()[pri:0, instance:com.xais.testcases.ClientRegistrationWorkflowTest@31fa1761]" started-at="2023-03-02T17:01:30 IST" name="setup" finished-at="2023-03-02T17:01:37 IST" duration-ms="7458" status="PASS">
          <reporter-output>
          </reporter-output>
        </test-method> <!-- setup -->
        <test-method signature="captureClientInformation()[pri:0, instance:com.xais.testcases.ClientRegistrationWorkflowTest@31fa1761]" started-at="2023-03-02T17:01:37 IST" name="captureClientInformation" finished-at="2023-03-02T17:02:04 IST" duration-ms="27477" status="PASS">
          <reporter-output>
          </reporter-output>
        </test-method> <!-- captureClientInformation -->
      </class> <!-- com.xais.testcases.ClientRegistrationWorkflowTest -->
    </test> <!-- Default test -->
  </suite> <!-- Default suite -->
</testng-results>
